C:\Program Files\Microsoft Visual Studio\2022\Community\MSBuild\Microsoft\VC\v170\Microsoft.CppBuild.targets(516,5): warning MSB8004: Intermediate Directory does not end with a trailing slash.  This build instance will add the slash as it is required to allow proper evaluation of the Intermediate Directory.
C:\Program Files\Microsoft Visual Studio\2022\Community\MSBuild\Microsoft\VC\v170\Microsoft.CppBuild.targets(517,5): warning MSB8004: Output Directory does not end with a trailing slash.  This build instance will add the slash as it is required to allow proper evaluation of the Output Directory.
  game.cpp
C:\Users\jawad\source\repos\rpg-game\rpg-game\game.cpp(103,18): warning C4305: '+=': truncation from 'double' to 'float'
C:\Users\jawad\source\repos\rpg-game\rpg-game\game.cpp(159,47): warning C4244: 'argument': conversion from 'T' to 'float', possible loss of data
C:\Users\jawad\source\repos\rpg-game\rpg-game\game.cpp(159,47): warning C4244:         with
C:\Users\jawad\source\repos\rpg-game\rpg-game\game.cpp(159,47): warning C4244:         [
C:\Users\jawad\source\repos\rpg-game\rpg-game\game.cpp(159,47): warning C4244:             T=unsigned int
C:\Users\jawad\source\repos\rpg-game\rpg-game\game.cpp(159,47): warning C4244:         ]
C:\Users\jawad\source\repos\rpg-game\rpg-game\game.cpp(261,17): warning C4244: 'initializing': conversion from 'T' to 'float', possible loss of data
C:\Users\jawad\source\repos\rpg-game\rpg-game\game.cpp(261,17): warning C4244:         with
C:\Users\jawad\source\repos\rpg-game\rpg-game\game.cpp(261,17): warning C4244:         [
C:\Users\jawad\source\repos\rpg-game\rpg-game\game.cpp(261,17): warning C4244:             T=unsigned int
C:\Users\jawad\source\repos\rpg-game\rpg-game\game.cpp(261,17): warning C4244:         ]
C:\Users\jawad\source\repos\rpg-game\rpg-game\game.cpp(262,17): warning C4244: 'initializing': conversion from 'T' to 'float', possible loss of data
C:\Users\jawad\source\repos\rpg-game\rpg-game\game.cpp(262,17): warning C4244:         with
C:\Users\jawad\source\repos\rpg-game\rpg-game\game.cpp(262,17): warning C4244:         [
C:\Users\jawad\source\repos\rpg-game\rpg-game\game.cpp(262,17): warning C4244:             T=unsigned int
C:\Users\jawad\source\repos\rpg-game\rpg-game\game.cpp(262,17): warning C4244:         ]
C:\Users\jawad\source\repos\rpg-game\rpg-game\game.cpp(264,17): warning C4244: 'initializing': conversion from 'T' to 'float', possible loss of data
C:\Users\jawad\source\repos\rpg-game\rpg-game\game.cpp(264,17): warning C4244:         with
C:\Users\jawad\source\repos\rpg-game\rpg-game\game.cpp(264,17): warning C4244:         [
C:\Users\jawad\source\repos\rpg-game\rpg-game\game.cpp(264,17): warning C4244:             T=unsigned int
C:\Users\jawad\source\repos\rpg-game\rpg-game\game.cpp(264,17): warning C4244:         ]
C:\Users\jawad\source\repos\rpg-game\rpg-game\game.cpp(265,17): warning C4244: 'initializing': conversion from 'T' to 'float', possible loss of data
C:\Users\jawad\source\repos\rpg-game\rpg-game\game.cpp(265,17): warning C4244:         with
C:\Users\jawad\source\repos\rpg-game\rpg-game\game.cpp(265,17): warning C4244:         [
C:\Users\jawad\source\repos\rpg-game\rpg-game\game.cpp(265,17): warning C4244:             T=unsigned int
C:\Users\jawad\source\repos\rpg-game\rpg-game\game.cpp(265,17): warning C4244:         ]
  Generating code
  12 of 409 functions ( 2.9%) were compiled, the rest were copied from previous compilation.
    0 functions were new in current compilation
    5 functions had inline decision re-evaluated but remain unchanged
  Finished generating code
  rpg-game.vcxproj -> C:\Users\jawad\source\repos\rpg-game\Build\x64\Release\bin\rpg-game.exe
